Using pre-set license
Built from '2021.3/staging' branch; Version is '2021.3.15f1 (e8e88683f834) revision 15263878'; Using compiler version '192829333'; Build Type 'Release'
OS: 'Windows 11  (10.0.22621) 64bit Professional' Language: 'pt' Physical Memory: 16174 MB
BatchMode: 1, IsHumanControllingUs: 0, StartBugReporterOnCrash: 0, Is64bit: 1, IsPro: 1

COMMAND LINE ARGUMENTS:
E:\Unity\2021.3.15f1\Editor\Unity.exe
-adb2
-batchMode
-noUpm
-name
AssetImportWorker3
-projectPath
E:/Git/Projetos/GlobalSolution_Heinz/NoHungryCity
-logFile
Logs/AssetImportWorker3.log
-srvPort
54295
Successfully changed project path to: E:/Git/Projetos/GlobalSolution_Heinz/NoHungryCity
E:/Git/Projetos/GlobalSolution_Heinz/NoHungryCity
[UnityMemory] Configuration Parameters - Can be set up in boot.config
    "memorysetup-bucket-allocator-granularity=16"
    "memorysetup-bucket-allocator-bucket-count=8"
    "memorysetup-bucket-allocator-block-size=33554432"
    "memorysetup-bucket-allocator-block-count=8"
    "memorysetup-main-allocator-block-size=16777216"
    "memorysetup-thread-allocator-block-size=16777216"
    "memorysetup-gfx-main-allocator-block-size=16777216"
    "memorysetup-gfx-thread-allocator-block-size=16777216"
    "memorysetup-cache-allocator-block-size=4194304"
    "memorysetup-typetree-allocator-block-size=2097152"
    "memorysetup-profiler-bucket-allocator-granularity=16"
    "memorysetup-profiler-bucket-allocator-bucket-count=8"
    "memorysetup-profiler-bucket-allocator-block-size=33554432"
    "memorysetup-profiler-bucket-allocator-block-count=8"
    "memorysetup-profiler-allocator-block-size=16777216"
    "memorysetup-profiler-editor-allocator-block-size=1048576"
    "memorysetup-temp-allocator-size-main=16777216"
    "memorysetup-job-temp-allocator-block-size=2097152"
    "memorysetup-job-temp-allocator-block-size-background=1048576"
    "memorysetup-job-temp-allocator-reduction-small-platforms=262144"
    "memorysetup-temp-allocator-size-background-worker=32768"
    "memorysetup-temp-allocator-size-job-worker=262144"
    "memorysetup-temp-allocator-size-preload-manager=33554432"
    "memorysetup-temp-allocator-size-nav-mesh-worker=65536"
    "memorysetup-temp-allocator-size-audio-worker=65536"
    "memorysetup-temp-allocator-size-cloud-worker=32768"
    "memorysetup-temp-allocator-size-gi-baking-worker=262144"
    "memorysetup-temp-allocator-size-gfx=262144"
Player connection [27928] Host "[IP] 192.168.15.12 [Port] 0 [Flags] 2 [Guid] 4018776688 [EditorId] 4018776688 [Version] 1048832 [Id] WindowsEditor(7,DESKTOP-H33AGGO) [Debug] 1 [PackageName] WindowsEditor [ProjectName] Editor" joined multi-casting on [225.0.0.222:54997]...

Player connection [27928] Host "[IP] 192.168.15.12 [Port] 0 [Flags] 2 [Guid] 4018776688 [EditorId] 4018776688 [Version] 1048832 [Id] WindowsEditor(7,DESKTOP-H33AGGO) [Debug] 1 [PackageName] WindowsEditor [ProjectName] Editor" joined alternative multi-casting on [225.0.0.222:34997]...

Refreshing native plugins compatible for Editor in 87.47 ms, found 3 plugins.
Preloading 0 native plugins for Editor in 0.00 ms.
Initialize engine version: 2021.3.15f1 (e8e88683f834)
[Subsystems] Discovering subsystems at path E:/Unity/2021.3.15f1/Editor/Data/Resources/UnitySubsystems
[Subsystems] Discovering subsystems at path E:/Git/Projetos/GlobalSolution_Heinz/NoHungryCity/Assets
GfxDevice: creating device client; threaded=0; jobified=0
Direct3D:
    Version:  Direct3D 11.0 [level 11.1]
    Renderer: NVIDIA GeForce GTX 1070 (ID=0x1b81)
    Vendor:   NVIDIA
    VRAM:     8081 MB
    Driver:   31.0.15.3179
Initialize mono
Mono path[0] = 'E:/Unity/2021.3.15f1/Editor/Data/Managed'
Mono path[1] = 'E:/Unity/2021.3.15f1/Editor/Data/MonoBleedingEdge/lib/mono/unityjit-win32'
Mono config path = 'E:/Unity/2021.3.15f1/Editor/Data/MonoBleedingEdge/etc'
Using monoOptions --debugger-agent=transport=dt_socket,embedding=1,server=y,suspend=n,address=127.0.0.1:56972
Begin MonoManager ReloadAssembly
Registering precompiled unity dll's ...
Register platform support module: E:/Unity/2021.3.15f1/Editor/Data/PlaybackEngines/WebGLSupport/UnityEditor.WebGL.Extensions.dll
Register platform support module: E:/Unity/2021.3.15f1/Editor/Data/PlaybackEngines/AndroidPlayer/UnityEditor.Android.Extensions.dll
Register platform support module: E:/Unity/2021.3.15f1/Editor/Data/PlaybackEngines/WindowsStandaloneSupport/UnityEditor.WindowsStandalone.Extensions.dll
Registered in 0.002348 seconds.
Native extension for WindowsStandalone target not found
Native extension for Android target not found
Native extension for WebGL target not found
Refreshing native plugins compatible for Editor in 84.83 ms, found 3 plugins.
Preloading 0 native plugins for Editor in 0.00 ms.
Mono: successfully reloaded assembly
- Completed reload, in  0.576 seconds
Domain Reload Profiling:
	ReloadAssembly (577ms)
		BeginReloadAssembly (75ms)
			ExecutionOrderSort (0ms)
			DisableScriptedObjects (0ms)
			BackupInstance (0ms)
			ReleaseScriptingObjects (0ms)
			CreateAndSetChildDomain (1ms)
		EndReloadAssembly (419ms)
			LoadAssemblies (76ms)
			RebuildTransferFunctionScriptingTraits (0ms)
			SetupTypeCache (90ms)
			ReleaseScriptCaches (0ms)
			RebuildScriptCaches (25ms)
			SetupLoadedEditorAssemblies (262ms)
				LogAssemblyErrors (0ms)
				InitializePlatformSupportModulesInManaged (44ms)
				SetLoadedEditorAssemblies (0ms)
				RefreshPlugins (85ms)
				BeforeProcessingInitializeOnLoad (1ms)
				ProcessInitializeOnLoadAttributes (87ms)
				ProcessInitializeOnLoadMethodAttributes (45ms)
				AfterProcessingInitializeOnLoad (0ms)
				EditorAssembliesLoaded (0ms)
			ExecutionOrderSort2 (0ms)
			AwakeInstancesAfterBackupRestoration (0ms)
Platform modules already initialized, skipping
Registering precompiled user dll's ...
Registered in 0.004584 seconds.
Begin MonoManager ReloadAssembly
Symbol file LoadedFromMemory doesn't match image E:\Git\Projetos\GlobalSolution_Heinz\NoHungryCity\Library\PackageCache\com.unity.visualscripting@1.7.8\Editor\VisualScripting.Core\Dependencies\YamlDotNet\Unity.VisualScripting.YamlDotNet.dll
Symbol file LoadedFromMemory doesn't match image E:\Git\Projetos\GlobalSolution_Heinz\NoHungryCity\Library\PackageCache\com.unity.visualscripting@1.7.8\Editor\VisualScripting.Core\Dependencies\DotNetZip\Unity.VisualScripting.IonicZip.dll
Native extension for WindowsStandalone target not found
Native extension for Android target not found
Native extension for WebGL target not found
Refreshing native plugins compatible for Editor in 72.48 ms, found 3 plugins.
Preloading 0 native plugins for Editor in 0.00 ms.
Mono: successfully reloaded assembly
- Completed reload, in  1.133 seconds
Domain Reload Profiling:
	ReloadAssembly (1134ms)
		BeginReloadAssembly (208ms)
			ExecutionOrderSort (0ms)
			DisableScriptedObjects (5ms)
			BackupInstance (0ms)
			ReleaseScriptingObjects (0ms)
			CreateAndSetChildDomain (129ms)
		EndReloadAssembly (844ms)
			LoadAssemblies (81ms)
			RebuildTransferFunctionScriptingTraits (0ms)
			SetupTypeCache (235ms)
			ReleaseScriptCaches (1ms)
			RebuildScriptCaches (51ms)
			SetupLoadedEditorAssemblies (452ms)
				LogAssemblyErrors (0ms)
				InitializePlatformSupportModulesInManaged (10ms)
				SetLoadedEditorAssemblies (0ms)
				RefreshPlugins (73ms)
				BeforeProcessingInitializeOnLoad (70ms)
				ProcessInitializeOnLoadAttributes (279ms)
				ProcessInitializeOnLoadMethodAttributes (17ms)
				AfterProcessingInitializeOnLoad (2ms)
				EditorAssembliesLoaded (0ms)
			ExecutionOrderSort2 (0ms)
			AwakeInstancesAfterBackupRestoration (5ms)
Platform modules already initialized, skipping
========================================================================
Worker process is ready to serve import requests
Launched and connected shader compiler UnityShaderCompiler.exe after 0.04 seconds
Refreshing native plugins compatible for Editor in 0.80 ms, found 3 plugins.
Preloading 0 native plugins for Editor in 0.00 ms.
Unloading 3864 Unused Serialized files (Serialized files now loaded: 0)
Unloading 43 unused Assets / (184.6 KB). Loaded Objects now: 4323.
Memory consumption went from 136.6 MB to 136.5 MB.
Total: 2.881700 ms (FindLiveObjects: 0.255900 ms CreateObjectMapping: 0.100400 ms MarkObjects: 2.414800 ms  DeleteObjects: 0.109600 ms)

AssetImportParameters requested are different than current active one (requested -> active):
  custom:video-decoder-ogg-theora: a1e56fd34408186e4bbccfd4996cb3dc -> 
  custom:container-muxer-webm: aa71ff27fc2769a1b78a27578f13a17b -> 
  custom:container-demuxer-webm: 4f35f7cbe854078d1ac9338744f61a02 -> 
  custom:video-encoder-webm-vp8: eb34c28f22e8b96e1ab97ce403110664 -> 
  custom:audio-encoder-webm-vorbis: bf7c407c2cedff20999df2af8eb42d56 -> 
  custom:framework-win-MediaFoundation: 216162199b28c13a410421893ffa2e32 -> 
  custom:container-demuxer-ogg: 62fdf1f143b41e24485cea50d1cbac27 -> 
  custom:video-decoder-webm-vp8: 9c59270c3fd7afecdb556c50c9e8de78 -> 
  custom:audio-decoder-ogg-vorbis: bf7c407c2cedff20999df2af8eb42d56 -> 
========================================================================
Received Import Request.
  Time since last request: 32346.840229 seconds.
  path: Assets/POLYGON city pack/Prefabs/Props/Bank_sign Prefab.prefab
  artifactKey: Guid(d11c03cec4369ea4aa3d29744046d625) Importer(815301076,1909f56bfc062723c751e8b465ee728b)
Start importing Assets/POLYGON city pack/Prefabs/Props/Bank_sign Prefab.prefab using Guid(d11c03cec4369ea4aa3d29744046d625) Importer(815301076,1909f56bfc062723c751e8b465ee728b)  -> (artifact id: '9885bb992db3e7291c6e01a3cd38ee20') in 0.305899 seconds 
========================================================================
Received Import Request.
  Time since last request: 0.000021 seconds.
  path: Assets/POLYGON city pack/Prefabs/Props/Can_orange prefab.prefab
  artifactKey: Guid(fc7f1d4af8d817e4f98e42d198325d99) Importer(815301076,1909f56bfc062723c751e8b465ee728b)
Start importing Assets/POLYGON city pack/Prefabs/Props/Can_orange prefab.prefab using Guid(fc7f1d4af8d817e4f98e42d198325d99) Importer(815301076,1909f56bfc062723c751e8b465ee728b)  -> (artifact id: '4110e8ccfc0d91986f32c6442d90e6b1') in 0.212788 seconds 
========================================================================
Received Import Request.
  Time since last request: 0.000021 seconds.
  path: Assets/POLYGON city pack/Prefabs/Props/bench prefab.prefab
  artifactKey: Guid(80c5916b9606ce646be16611d9a06d13) Importer(815301076,1909f56bfc062723c751e8b465ee728b)
Start importing Assets/POLYGON city pack/Prefabs/Props/bench prefab.prefab using Guid(80c5916b9606ce646be16611d9a06d13) Importer(815301076,1909f56bfc062723c751e8b465ee728b)  -> (artifact id: 'c02d457144f2699236a505ac2bccf4f8') in 0.173003 seconds 
========================================================================
Received Import Request.
  Time since last request: 0.000018 seconds.
  path: Assets/POLYGON city pack/Prefabs/Props/Flower 1 prefab C.prefab
  artifactKey: Guid(f5b753a0f2ae4e3448b73f8f56e8c157) Importer(815301076,1909f56bfc062723c751e8b465ee728b)
Start importing Assets/POLYGON city pack/Prefabs/Props/Flower 1 prefab C.prefab using Guid(f5b753a0f2ae4e3448b73f8f56e8c157) Importer(815301076,1909f56bfc062723c751e8b465ee728b)  -> (artifact id: '5975d7697aa8b897773c6297a5dd58e3') in 0.240985 seconds 
========================================================================
Received Import Request.
  Time since last request: 0.000019 seconds.
  path: Assets/POLYGON city pack/Prefabs/Props/drain 2 prefab.prefab
  artifactKey: Guid(cc198c66ba240c946b6f10f40c60795a) Importer(815301076,1909f56bfc062723c751e8b465ee728b)
Start importing Assets/POLYGON city pack/Prefabs/Props/drain 2 prefab.prefab using Guid(cc198c66ba240c946b6f10f40c60795a) Importer(815301076,1909f56bfc062723c751e8b465ee728b)  -> (artifact id: 'ba8e38a5213ae19e0ca7958cb4d30a37') in 0.072997 seconds 
========================================================================
Received Import Request.
  Time since last request: 0.000025 seconds.
  path: Assets/POLYGON city pack/Prefabs/Props/Flower 1 prefab B.prefab
  artifactKey: Guid(e5a1a9b64f8e53f489e80aa11edd54b0) Importer(815301076,1909f56bfc062723c751e8b465ee728b)
Start importing Assets/POLYGON city pack/Prefabs/Props/Flower 1 prefab B.prefab using Guid(e5a1a9b64f8e53f489e80aa11edd54b0) Importer(815301076,1909f56bfc062723c751e8b465ee728b)  -> (artifact id: '8636616d93279bdac417a60dc791c3a2') in 0.047242 seconds 
========================================================================
Received Import Request.
  Time since last request: 0.000022 seconds.
  path: Assets/POLYGON city pack/Prefabs/Props/Bush 2 mass prefab.prefab
  artifactKey: Guid(7c311e85b96e43d4aaaf68e86c127195) Importer(815301076,1909f56bfc062723c751e8b465ee728b)
Start importing Assets/POLYGON city pack/Prefabs/Props/Bush 2 mass prefab.prefab using Guid(7c311e85b96e43d4aaaf68e86c127195) Importer(815301076,1909f56bfc062723c751e8b465ee728b)  -> (artifact id: '1648c29961e1fb478733fb7b339338dc') in 0.132642 seconds 
========================================================================
Received Import Request.
  Time since last request: 0.000026 seconds.
  path: Assets/POLYGON city pack/Prefabs/Props/Can_lemon prefab.prefab
  artifactKey: Guid(af9d0903bfdf9c749ac85725af5631ec) Importer(815301076,1909f56bfc062723c751e8b465ee728b)
Start importing Assets/POLYGON city pack/Prefabs/Props/Can_lemon prefab.prefab using Guid(af9d0903bfdf9c749ac85725af5631ec) Importer(815301076,1909f56bfc062723c751e8b465ee728b)  -> (artifact id: '603d5b90042cb2c00debdc4c1861c01c') in 0.046528 seconds 
========================================================================
Received Import Request.
  Time since last request: 0.000026 seconds.
  path: Assets/POLYGON city pack/Prefabs/Props/Can_cola 2 prefab.prefab
  artifactKey: Guid(95ad7e2cecb192d43a4a02f1b422beed) Importer(815301076,1909f56bfc062723c751e8b465ee728b)
Start importing Assets/POLYGON city pack/Prefabs/Props/Can_cola 2 prefab.prefab using Guid(95ad7e2cecb192d43a4a02f1b422beed) Importer(815301076,1909f56bfc062723c751e8b465ee728b)  -> (artifact id: 'd1887b1424790d74072c261510523462') in 0.106867 seconds 
========================================================================
Received Import Request.
  Time since last request: 0.000015 seconds.
  path: Assets/POLYGON city pack/Prefabs/Props/Big_trash_bin prefab.prefab
  artifactKey: Guid(331560f2206dc024cb084301a19c05ad) Importer(815301076,1909f56bfc062723c751e8b465ee728b)
Start importing Assets/POLYGON city pack/Prefabs/Props/Big_trash_bin prefab.prefab using Guid(331560f2206dc024cb084301a19c05ad) Importer(815301076,1909f56bfc062723c751e8b465ee728b)  -> (artifact id: 'fa67ed09a482819f7bda9da754ee4885') in 0.629909 seconds 
========================================================================
Received Import Request.
  Time since last request: 0.371279 seconds.
  path: Assets/POLYGON city pack/Prefabs/Props/Flower mass prefab.prefab
  artifactKey: Guid(3793ad411fa918d4685c2c4c1494c970) Importer(815301076,1909f56bfc062723c751e8b465ee728b)
Start importing Assets/POLYGON city pack/Prefabs/Props/Flower mass prefab.prefab using Guid(3793ad411fa918d4685c2c4c1494c970) Importer(815301076,1909f56bfc062723c751e8b465ee728b)  -> (artifact id: '48997b91ae2982c1cf73507bfbe3cbbb') in 0.086222 seconds 
========================================================================
Received Import Request.
  Time since last request: 0.000028 seconds.
  path: Assets/POLYGON city pack/Prefabs/Props/Grass_prefab.prefab
  artifactKey: Guid(e3ee9b4631379bf44b7e076739afa41e) Importer(815301076,1909f56bfc062723c751e8b465ee728b)
Start importing Assets/POLYGON city pack/Prefabs/Props/Grass_prefab.prefab using Guid(e3ee9b4631379bf44b7e076739afa41e) Importer(815301076,1909f56bfc062723c751e8b465ee728b)  -> (artifact id: '4e173fa0d9d605d1fb5d0d8b259bb2a1') in 0.010672 seconds 
========================================================================
Received Import Request.
  Time since last request: 0.082694 seconds.
  path: Assets/POLYGON city pack/Prefabs/Props/Hospital_sign prefab.prefab
  artifactKey: Guid(59f2f37d570039d41891cb6cb0bf2011) Importer(815301076,1909f56bfc062723c751e8b465ee728b)
Start importing Assets/POLYGON city pack/Prefabs/Props/Hospital_sign prefab.prefab using Guid(59f2f37d570039d41891cb6cb0bf2011) Importer(815301076,1909f56bfc062723c751e8b465ee728b)  -> (artifact id: 'bd0efa60a140750c08d287ab18e7ea2c') in 0.239537 seconds 
========================================================================
Received Import Request.
  Time since last request: 0.266777 seconds.
  path: Assets/POLYGON city pack/Prefabs/Props/Mail_box prefab.prefab
  artifactKey: Guid(3f3f0ad0013c05f478f38f3920e05817) Importer(815301076,1909f56bfc062723c751e8b465ee728b)
Start importing Assets/POLYGON city pack/Prefabs/Props/Mail_box prefab.prefab using Guid(3f3f0ad0013c05f478f38f3920e05817) Importer(815301076,1909f56bfc062723c751e8b465ee728b)  -> (artifact id: '90d338f27ed7f0af6f0b577b0d7f2c12') in 0.354838 seconds 
========================================================================
Received Import Request.
  Time since last request: 0.041403 seconds.
  path: Assets/POLYGON city pack/Prefabs/Props/plant 1 prefab.prefab
  artifactKey: Guid(d15d3707ee72e6e4992de2448a2bfccb) Importer(815301076,1909f56bfc062723c751e8b465ee728b)
Start importing Assets/POLYGON city pack/Prefabs/Props/plant 1 prefab.prefab using Guid(d15d3707ee72e6e4992de2448a2bfccb) Importer(815301076,1909f56bfc062723c751e8b465ee728b)  -> (artifact id: 'c25fb6d75ff0ad9c4deeeacf4f55826f') in 0.535245 seconds 
========================================================================
Received Import Request.
  Time since last request: 0.040455 seconds.
  path: Assets/POLYGON city pack/Prefabs/Props/Pot_tree prefab.prefab
  artifactKey: Guid(8e00364320862a746a6e67a5af5e5979) Importer(815301076,1909f56bfc062723c751e8b465ee728b)
Start importing Assets/POLYGON city pack/Prefabs/Props/Pot_tree prefab.prefab using Guid(8e00364320862a746a6e67a5af5e5979) Importer(815301076,1909f56bfc062723c751e8b465ee728b)  -> (artifact id: 'a13a429e2d0d5233c0e49189157fb5cf') in 0.784600 seconds 
========================================================================
Received Import Request.
  Time since last request: 0.000017 seconds.
  path: Assets/POLYGON city pack/Prefabs/Props/Stone 4 Prefab.prefab
  artifactKey: Guid(b4289919ba517cd45aff629c81afa3fe) Importer(815301076,1909f56bfc062723c751e8b465ee728b)
Start importing Assets/POLYGON city pack/Prefabs/Props/Stone 4 Prefab.prefab using Guid(b4289919ba517cd45aff629c81afa3fe) Importer(815301076,1909f56bfc062723c751e8b465ee728b)  -> (artifact id: '15d78e6fe0d5788ec3df0e8a3df6726f') in 0.026808 seconds 
========================================================================
Received Import Request.
  Time since last request: 0.006661 seconds.
  path: Assets/POLYGON city pack/Prefabs/Props/streetprop prefab.prefab
  artifactKey: Guid(b9241325cf17fc546b1db887ded397d9) Importer(815301076,1909f56bfc062723c751e8b465ee728b)
Start importing Assets/POLYGON city pack/Prefabs/Props/streetprop prefab.prefab using Guid(b9241325cf17fc546b1db887ded397d9) Importer(815301076,1909f56bfc062723c751e8b465ee728b)  -> (artifact id: '84b508640bcee3b36540224cb358d4af') in 0.063793 seconds 
========================================================================
Received Import Request.
  Time since last request: 0.090012 seconds.
  path: Assets/POLYGON city pack/Prefabs/Props/Traffic light 2 Prefab.prefab
  artifactKey: Guid(d7cdfd713e1c02c49b7eb072ff0c50b2) Importer(815301076,1909f56bfc062723c751e8b465ee728b)
Start importing Assets/POLYGON city pack/Prefabs/Props/Traffic light 2 Prefab.prefab using Guid(d7cdfd713e1c02c49b7eb072ff0c50b2) Importer(815301076,1909f56bfc062723c751e8b465ee728b)  -> (artifact id: '557541974097edb3fd71252d132ce7be') in 0.213930 seconds 
========================================================================
Received Import Request.
  Time since last request: 0.000026 seconds.
  path: Assets/POLYGON city pack/Prefabs/Props/Traffic light 4 Prefab.prefab
  artifactKey: Guid(334aad2b5d3ce18449f0aac7e90fe56e) Importer(815301076,1909f56bfc062723c751e8b465ee728b)
Start importing Assets/POLYGON city pack/Prefabs/Props/Traffic light 4 Prefab.prefab using Guid(334aad2b5d3ce18449f0aac7e90fe56e) Importer(815301076,1909f56bfc062723c751e8b465ee728b)  -> (artifact id: '73f3ef354e99bbf52f2981b24d93e7cf') in 0.504605 seconds 
========================================================================
Received Import Request.
  Time since last request: 0.000025 seconds.
  path: Assets/POLYGON city pack/Prefabs/Props/trashBag prefab.prefab
  artifactKey: Guid(b0bb4b9691721cf4791e1124d867edd8) Importer(815301076,1909f56bfc062723c751e8b465ee728b)
Start importing Assets/POLYGON city pack/Prefabs/Props/trashBag prefab.prefab using Guid(b0bb4b9691721cf4791e1124d867edd8) Importer(815301076,1909f56bfc062723c751e8b465ee728b)  -> (artifact id: '25e481228dc3b950a81bf6df36455c69') in 0.323615 seconds 
========================================================================
Received Import Request.
  Time since last request: 0.000021 seconds.
  path: Assets/POLYGON city pack/Prefabs/Props/Wall 1 prefab.prefab
  artifactKey: Guid(effb1b31d7e11a54e9b051312c1a2ee4) Importer(815301076,1909f56bfc062723c751e8b465ee728b)
Start importing Assets/POLYGON city pack/Prefabs/Props/Wall 1 prefab.prefab using Guid(effb1b31d7e11a54e9b051312c1a2ee4) Importer(815301076,1909f56bfc062723c751e8b465ee728b)  -> (artifact id: '3174c4ac419b22cddffc247c123bb8dc') in 0.313254 seconds 
========================================================================
Received Import Request.
  Time since last request: 0.000027 seconds.
  path: Assets/POLYGON city pack/Prefabs/Props/Wall 5 prefab.prefab
  artifactKey: Guid(ba471d562324e9c499483b4816ba3be0) Importer(815301076,1909f56bfc062723c751e8b465ee728b)
Start importing Assets/POLYGON city pack/Prefabs/Props/Wall 5 prefab.prefab using Guid(ba471d562324e9c499483b4816ba3be0) Importer(815301076,1909f56bfc062723c751e8b465ee728b)  -> (artifact id: '10275b69dd5e28ca8c7dc4a7ade87b9d') in 0.095509 seconds 
========================================================================
Received Import Request.
  Time since last request: 6.765209 seconds.
  path: Assets/POLYGON city pack/Prefabs/Buildings/Build_G-right_Prefab.prefab
  artifactKey: Guid(19427fc607e7e5645a1f1fe831d3add4) Importer(815301076,1909f56bfc062723c751e8b465ee728b)
Start importing Assets/POLYGON city pack/Prefabs/Buildings/Build_G-right_Prefab.prefab using Guid(19427fc607e7e5645a1f1fe831d3add4) Importer(815301076,1909f56bfc062723c751e8b465ee728b)  -> (artifact id: '3ec1591151cea0772b12f6653d4f027c') in 0.105914 seconds 
========================================================================
Received Import Request.
  Time since last request: 0.000020 seconds.
  path: Assets/POLYGON city pack/Prefabs/Buildings/Building_B1_prefab.prefab
  artifactKey: Guid(a60988b24f8ff094ba511054edf48a9d) Importer(815301076,1909f56bfc062723c751e8b465ee728b)
Start importing Assets/POLYGON city pack/Prefabs/Buildings/Building_B1_prefab.prefab using Guid(a60988b24f8ff094ba511054edf48a9d) Importer(815301076,1909f56bfc062723c751e8b465ee728b)  -> (artifact id: '8446ab8f91354b4e2ecd51605ad94900') in 0.110165 seconds 
========================================================================
Received Import Request.
  Time since last request: 0.000026 seconds.
  path: Assets/POLYGON city pack/Prefabs/Buildings/Building_D_prefab.prefab
  artifactKey: Guid(7df26aa64e4b3fc48933a809e1a48078) Importer(815301076,1909f56bfc062723c751e8b465ee728b)
Start importing Assets/POLYGON city pack/Prefabs/Buildings/Building_D_prefab.prefab using Guid(7df26aa64e4b3fc48933a809e1a48078) Importer(815301076,1909f56bfc062723c751e8b465ee728b)  -> (artifact id: 'd1f91f786b3703c8ff576b04cdcdd579') in 0.216659 seconds 
========================================================================
Received Import Request.
  Time since last request: 0.008324 seconds.
  path: Assets/POLYGON city pack/Prefabs/Buildings/Building_I_1_prefab.prefab
  artifactKey: Guid(931ecb32d754b3f40afc9a688c8cea66) Importer(815301076,1909f56bfc062723c751e8b465ee728b)
Start importing Assets/POLYGON city pack/Prefabs/Buildings/Building_I_1_prefab.prefab using Guid(931ecb32d754b3f40afc9a688c8cea66) Importer(815301076,1909f56bfc062723c751e8b465ee728b)  -> (artifact id: '31dc63422ce41e17b4fdcd589a065884') in 0.078557 seconds 
========================================================================
Received Import Request.
  Time since last request: 0.000017 seconds.
  path: Assets/POLYGON city pack/Prefabs/Buildings/Building_I_2_Prefab.prefab
  artifactKey: Guid(1e198ff9400b5064c816d8f779eff296) Importer(815301076,1909f56bfc062723c751e8b465ee728b)
Start importing Assets/POLYGON city pack/Prefabs/Buildings/Building_I_2_Prefab.prefab using Guid(1e198ff9400b5064c816d8f779eff296) Importer(815301076,1909f56bfc062723c751e8b465ee728b)  -> (artifact id: '9bf467f554f169b9974ff4dc57124f20') in 0.089772 seconds 
========================================================================
Received Import Request.
  Time since last request: 0.000017 seconds.
  path: Assets/POLYGON city pack/Prefabs/Buildings/Building_K_prefab.prefab
  artifactKey: Guid(ac16a24c584766f4e905adc7db85b93d) Importer(815301076,1909f56bfc062723c751e8b465ee728b)
Start importing Assets/POLYGON city pack/Prefabs/Buildings/Building_K_prefab.prefab using Guid(ac16a24c584766f4e905adc7db85b93d) Importer(815301076,1909f56bfc062723c751e8b465ee728b)  -> (artifact id: 'dd6f601feae06ec1c31ca6a81b62567b') in 0.430384 seconds 
========================================================================
Received Import Request.
  Time since last request: 0.000018 seconds.
  path: Assets/POLYGON city pack/Prefabs/Buildings/Building_Q_prefab.prefab
  artifactKey: Guid(984e7c3587655ac489a642619bb3ef24) Importer(815301076,1909f56bfc062723c751e8b465ee728b)
Start importing Assets/POLYGON city pack/Prefabs/Buildings/Building_Q_prefab.prefab using Guid(984e7c3587655ac489a642619bb3ef24) Importer(815301076,1909f56bfc062723c751e8b465ee728b)  -> (artifact id: 'e3ac52d871546752f6da91e88b459f1f') in 0.583734 seconds 
========================================================================
Received Import Request.
  Time since last request: 0.000022 seconds.
  path: Assets/POLYGON city pack/Prefabs/Buildings/Building_S_prefab.prefab
  artifactKey: Guid(c637a821140f92a4dbb62e352cf8f140) Importer(815301076,1909f56bfc062723c751e8b465ee728b)
Start importing Assets/POLYGON city pack/Prefabs/Buildings/Building_S_prefab.prefab using Guid(c637a821140f92a4dbb62e352cf8f140) Importer(815301076,1909f56bfc062723c751e8b465ee728b)  -> (artifact id: '92dffab53a2560ed01fbe5fd1cca746e') in 0.563443 seconds 
========================================================================
Received Import Request.
  Time since last request: 0.000019 seconds.
  path: Assets/POLYGON city pack/Prefabs/Buildings/Building_u_prefab.prefab
  artifactKey: Guid(150fadf88f51c2b4b9b7b62af8d39db9) Importer(815301076,1909f56bfc062723c751e8b465ee728b)
Start importing Assets/POLYGON city pack/Prefabs/Buildings/Building_u_prefab.prefab using Guid(150fadf88f51c2b4b9b7b62af8d39db9) Importer(815301076,1909f56bfc062723c751e8b465ee728b)  -> (artifact id: '3d7d3f8940adc71774ac765d488be47a') in 0.953730 seconds 
Editor requested this worker to shutdown with reason: Scaling down because of idle timeout
AssetImportWorker is now disconnected from the server
Process exiting
Exiting without the bug reporter. Application will terminate with return code 0